# JRE version: OpenJDK Runtime Environment (8.0_151-b12) (build 1.8.0_151-8u151-b12-0ubuntu0.16.04.2-b12)
# Java VM: OpenJDK 64-Bit Server VM (25.151-b12 mixed mode linux-amd64 compressed oops)
Heap:
 PSYoungGen      total 36864K, used 6087K [0x00000000d6d80000, 0x00000000db580000, 0x0000000100000000)
  eden space 31744K, 3% used [0x00000000d6d80000,0x00000000d6e72e60,0x00000000d8c80000)
  from space 5120K, 99% used [0x00000000db080000,0x00000000db57f018,0x00000000db580000)
  to   space 5120K, 0% used [0x00000000d8c80000,0x00000000d8c80000,0x00000000d9180000)
 ParOldGen       total 84992K, used 7698K [0x0000000084800000, 0x0000000089b00000, 0x00000000d6d80000)
  object space 84992K, 9% used [0x0000000084800000,0x0000000084f84908,0x0000000089b00000)
 Metaspace       used 18782K, capacity 19638K, committed 19968K, reserved 1067008K
  class space    used 2504K, capacity 2721K, committed 2816K, reserved 1048576K
GC Heap History (4 events):
Event: 1,523 GC heap before
{Heap before GC invocations=1 (full 0):
 PSYoungGen      total 36864K, used 31729K [0x00000000d6d80000, 0x00000000d9680000, 0x0000000100000000)
  eden space 31744K, 99% used [0x00000000d6d80000,0x00000000d8c7c598,0x00000000d8c80000)
  from space 5120K, 0% used [0x00000000d9180000,0x00000000d9180000,0x00000000d9680000)
  to   space 5120K, 0% used [0x00000000d8c80000,0x00000000d8c80000,0x00000000d9180000)
 ParOldGen       total 84992K, used 0K [0x0000000084800000, 0x0000000089b00000, 0x00000000d6d80000)
  object space 84992K, 0% used [0x0000000084800000,0x0000000084800000,0x0000000089b00000)
 Metaspace       used 11651K, capacity 12018K, committed 12288K, reserved 1060864K
  class space    used 1317K, capacity 1465K, committed 1536K, reserved 1048576K
Event: 1,541 GC heap after
Heap after GC invocations=1 (full 0):
 PSYoungGen      total 36864K, used 5090K [0x00000000d6d80000, 0x00000000db580000, 0x0000000100000000)
  eden space 31744K, 0% used [0x00000000d6d80000,0x00000000d6d80000,0x00000000d8c80000)
  from space 5120K, 99% used [0x00000000d8c80000,0x00000000d9178898,0x00000000d9180000)
  to   space 5120K, 0% used [0x00000000db080000,0x00000000db080000,0x00000000db580000)
 ParOldGen       total 84992K, used 1647K [0x0000000084800000, 0x0000000089b00000, 0x00000000d6d80000)
  object space 84992K, 1% used [0x0000000084800000,0x000000008499bc98,0x0000000089b00000)
 Metaspace       used 11651K, capacity 12018K, committed 12288K, reserved 1060864K
  class space    used 1317K, capacity 1465K, committed 1536K, reserved 1048576K
}
Event: 7,004 GC heap before
{Heap before GC invocations=2 (full 0):
 PSYoungGen      total 36864K, used 36834K [0x00000000d6d80000, 0x00000000db580000, 0x0000000100000000)
  eden space 31744K, 100% used [0x00000000d6d80000,0x00000000d8c80000,0x00000000d8c80000)
  from space 5120K, 99% used [0x00000000d8c80000,0x00000000d9178898,0x00000000d9180000)
  to   space 5120K, 0% used [0x00000000db080000,0x00000000db080000,0x00000000db580000)
 ParOldGen       total 84992K, used 1647K [0x0000000084800000, 0x0000000089b00000, 0x00000000d6d80000)
  object space 84992K, 1% used [0x0000000084800000,0x000000008499bc98,0x0000000089b00000)
 Metaspace       used 18727K, capacity 19550K, committed 19712K, reserved 1067008K
  class space    used 2501K, capacity 2717K, committed 2816K, reserved 1048576K
Event: 7,015 GC heap after
Heap after GC invocations=2 (full 0):
 PSYoungGen      total 36864K, used 5116K [0x00000000d6d80000, 0x00000000db580000, 0x0000000100000000)
  eden space 31744K, 0% used [0x00000000d6d80000,0x00000000d6d80000,0x00000000d8c80000)
  from space 5120K, 99% used [0x00000000db080000,0x00000000db57f018,0x00000000db580000)
  to   space 5120K, 0% used [0x00000000d8c80000,0x00000000d8c80000,0x00000000d9180000)
 ParOldGen       total 84992K, used 7698K [0x0000000084800000, 0x0000000089b00000, 0x00000000d6d80000)
  object space 84992K, 9% used [0x0000000084800000,0x0000000084f84908,0x0000000089b00000)
 Metaspace       used 18727K, capacity 19550K, committed 19712K, reserved 1067008K
  class space    used 2501K, capacity 2717K, committed 2816K, reserved 1048576K
}

